MPASM 5.66                          MAIN.ASM   3-25-2016  20:07:09         PAGE  1


LOC  OBJECT CODE     LINE SOURCE TEXT
  VALUE

                      00001 ;*******************************************************************************
                      00002 ;* main.asm
                      00003 ;
                      00004 ;* Microchip SHIELD:
                      00005 ;
                      00006 ;* - DEBUG RC6(TX), RC7(RX)    
                      00007 ;
                      00008 ;
                      00009 ; Автор: Д. Лунегов, dlunegov@gmail.com
                      00010 ;
                      00011 ; История: 03.03.2016 - Файл создан
                      00012 ;
                      00013 ;*******************************************************************************
                      00014 
                      00015     #include "hardware_profile.inc"
                      00001 #include <p16F887.inc>
                      00001         LIST
                      00002 
                      00003 ;==========================================================================
                      00004 ; Build date : Feb 01 2016
                      00005 ;  MPASM PIC16F887 processor include
                      00006 ; 
                      00007 ;  (c) Copyright 1999-2016 Microchip Technology, All rights reserved
                      00008 ;==========================================================================
                      00009 
                      00810         LIST
                      00016     #include "ledarray8.inc"
                      00001 ;*******************************************************************************
                      00002 ; Заголовок модуля ledarray.asm
                      00003 ;*******************************************************************************
                      00004     #ifndef ledarray8           ; Блокируем повторное включение заголовка
                      00005     #define ledarray8
                      00006 ;-------------------------------------------------------------------------------
                      00007 ; ФУНКЦИИ
                      00008 ;-------------------------------------------------------------------------------
  0000                00009     extern  LedTurnOn
                      00010 ;-------------------------------------------------------------------------------
                      00011 ; ПЕРЕМЕННЫЕ
                      00012 ;-------------------------------------------------------------------------------
  0000                00013     extern  led_temp
                      00014 
                      00015     #endif
                      00016 
                      00017 
                      00017     #include "uart_hardware.inc"
                      00001 ;*******************************************************************************
                      00002 ; Заголовок модуля uart_hardware.asm
                      00003 ;*******************************************************************************
                      00004     #ifndef uart_hardware   ; Блокируем повторное включение заголовка
                      00005     #define uart_hardware
                      00006 ;-------------------------------------------------------------------------------
                      00007 ; ПЕРЕМЕННЫЕ
                      00008 ;-------------------------------------------------------------------------------
MPASM 5.66                          MAIN.ASM   3-25-2016  20:07:09         PAGE  2


LOC  OBJECT CODE     LINE SOURCE TEXT
  VALUE

  0000                00009     extern      uart_data_out, uart_data_in, uart_error
                      00010 ;-------------------------------------------------------------------------------
                      00011 ; ФУНКЦИИ
                      00012 ;-------------------------------------------------------------------------------
  0000                00013     extern  UartInit, UartPutChar, UartGetChar, UartReturnData                  
                      00014 
                      00015     #endif
                      00016 
                      00017 
                      00018     #include "e2prom.inc"
                      00001 ;*******************************************************************************
                      00002 ; Заголовок модуля uart_hardware.asm
                      00003 ;*******************************************************************************
                      00004     #ifndef e2prom  ; Блокируем повторное включение заголовка
                      00005     #define e2prom
                      00006 ;-------------------------------------------------------------------------------
                      00007 ; ПЕРЕМЕННЫЕ
                      00008 ;-------------------------------------------------------------------------------
  0000                00009     extern ee_addr_data, ee_addrh_data, ee_data, ee_datah, eeprom_error
                      00010 ;-------------------------------------------------------------------------------
                      00011 ; ФУНКЦИИ
                      00012 ;-------------------------------------------------------------------------------
  0000                00013     extern EEReadData, EEWriteData
                      00014 
                      00015     #endif
                      00016 
                      00017 
                      00018 
                      00019     
                      00020     ; CONFIG1
                      00021     ; __config 0xF8E5
2007   38E5           00022     __CONFIG _CONFIG1, _FOSC_INTRC_CLKOUT & _WDTE_OFF & _PWRTE_ON & _MCLRE_ON & _CP_OFF & _CPD_OFF & _BO
                            REN_OFF & _IESO_OFF & _FCMEN_ON & _LVP_ON
                      00023     ; CONFIG2
                      00024     ; __config 0xFEFF
2008   3EFF           00025     __CONFIG _CONFIG2, _BOR4V_BOR21V & _WRT_OFF
                      00026     
                      00027     radix dec
                      00028     
                      00029     ERRORLEVEL -302
                      00030 
                      00031 ;-------------------------------------------------------------------------------
                      00032 ; КОНСТАНТЫ (ПОЛЗОВАТЕЛЬСКИЕ)
                      00033 ;-------------------------------------------------------------------------------
                      00034     
  003D0900            00035 F_OSC   equ     4000000 ; Тактовая частота (Гц)
                      00036 ;-------------------------------------------------------------------------------
                      00037 ; ДАННЫЕ
                      00038 ;-------------------------------------------------------------------------------
                      00039 SHARED_DATA udata_shr
0000                  00040 _work   res 1           ; сохр. рабочего регистра, расшарен на все банки
                      00041         
                      00042 gpr0    udata           ; !!!первый банк RAM!!!
MPASM 5.66                          MAIN.ASM   3-25-2016  20:07:09         PAGE  3


LOC  OBJECT CODE     LINE SOURCE TEXT
  VALUE

                      00043         
0000                  00044 _status res 1           ; сохр. STATUS регистра
0001                  00045 _pclath res 1           ; сохр. PCLATH
0002                  00046 _fsr    res 1           ; сохр. FSR
                      00047 ;-------------------------------------------------------------------------------
                      00048 ; ДАННЫЕ EEPROM
                      00049 ;-------------------------------------------------------------------------------        
                      00050 EEHELLO code    0x2100
2100   00CA 00F1 00E5 00051         de      "Ксенечка моя любофф! ", 0
       00ED 00E5 00F7 
       00EA 00E0 0020 
       00EC 00EE 00FF 
       0020 00EB 00FE 
       00E1 00EE 00F4 
       00F4 0021 0020 
       0000 
                      00052 ;*******************************************************************************
                      00053 ; ВЕКТОР СБРОСА
                      00054 ;*******************************************************************************
                      00055  
                      00056 Res_    code    0x0000
0000   ???? ????      00057         pagesel Init
0002   2???           00058         goto    Init
                      00059 
                      00060 ;*******************************************************************************
                      00061 ; ВЕКТОР ПРЕРЫВАНИЯ
                      00062 ;*******************************************************************************
                      00063     
                      00064 Int_    code    0x0004      ; PC = 0x0004, stack = хранить предыдущий адрес,
                      00065                             ; буффер PCLATH хранит предыдущее ЗАНОСИМОЕ значение
                      00066                             ; 5 MSb битов в PCL
                      00067                             
0004   00??           00068         movwf   _work       ; сохранение рабочего регистра и STATUS
0005   0E03           00069         swapf   STATUS, w
0006   ???? ????      00070         banksel _status
0008   00??           00071         movwf   _status
0009   080A           00072         movf    PCLATH, w   ; сохр. PCLATH и FSR
000A   00??           00073         movwf   _pclath     ; _pclath в том же банке что и _status
000B   0804           00074         movf    FSR, w
000C   00??           00075         movwf   _fsr
                      00076         
000D                  00077 ISR
000D   1283 1303      00078         banksel PIR1
000F   ???? ????      00079         pagesel Start
0011   1E8C           00080         btfss   PIR1, RCIF          ; было прерывание?
0012   2???           00081         goto    Start
0013   ???? ???? 2??? 00082         lcall   UartGetChar
0016   ???? ????      00083         pagesel $
0018   ???? ???? 2??? 00084         lcall   UartReturnData
001B   ???? ????      00085         pagesel $
                      00086         
                      00087         
001D   08??           00088         movf    _fsr, w     ; восстанавливаем FSR
MPASM 5.66                          MAIN.ASM   3-25-2016  20:07:09         PAGE  4


LOC  OBJECT CODE     LINE SOURCE TEXT
  VALUE

001E   0084           00089         movwf   FSR
001F   ???? ????      00090         banksel _pclath     ; восстановление PCLATH В БУФФЕР
0021   08??           00091         movf    _pclath, w
0022   008A           00092         movwf   PCLATH
0023   0E??           00093         swapf   _status, w  ; восстановление рабочего регистра и STATUS
0024   0083           00094         movwf   STATUS
0025   0E??           00095         swapf   _work, f
0026   0E??           00096         swapf   _work, w
0027   0009           00097         retfie              ; возврат из прерывания GIE = 1
                      00098         
                      00099 ;*******************************************************************************
                      00100 ;* ФУНКЦИИ MAIN     :
                      00101 ;*******************************************************************************        
                      00102 
                      00103 ;*******************************************************************************
                      00104 ; ИНИЦИАЛИЗАЦИЯ
                      00105 ;*******************************************************************************        
0028                  00106 Init
0028   ???? ???? 2??? 00107         lcall   UartInit
002B   ???? ????      00108         pagesel $
002D   ???? ???? 2??? 00109         lgoto   Start
                      00110 ;*******************************************************************************
                      00111 ; ОСНОВНОЙ ЦИКЛ ПРОГРАММЫ
                      00112 ;*******************************************************************************        
0030                  00113 Start
0030   3000           00114         movlw   0x00                ; передача начального адреса еепром
0031   ???? ????      00115         banksel ee_addr_data        
0033   00??           00116         movwf   ee_addr_data
0034                  00117 EERead
0034   ???? ???? 2??? 00118         lcall   EEReadData
0037   ???? ????      00119         pagesel $
                      00120 
0039   ???? ????      00121         banksel ee_data
003B   1103           00122         bcf     STATUS, Z           ; очистка признака нуля
003C   08??           00123         movf    ee_data, f          ; проверка данных на ноль
003D   ???? ????      00124     pagesel EEWrite
003F   1903           00125         btfsc   STATUS, Z           
0040   2???           00126         goto    EEWrite             ; если флаг, то EOF
                      00127         
0041   08??           00128         movf    ee_data, w
0042   ???? ????      00129         banksel uart_data_out
0044   00??           00130         movwf   uart_data_out
0045   ???? ???? 2??? 00131         lcall   UartPutChar
0048   ???? ????      00132         pagesel $
                      00133         
Message[305]: Using default destination of 1 (file).
004A   0A??           00134         incf    ee_addr_data
004B   ???? ???? 2??? 00135         lgoto   EERead              ; иначе читай дальше
                      00136     
004E                  00137 EEWrite
004E   ???? ????      00138     banksel ee_addr_data
0050   3020           00139     movlw   0x20
0051   00??           00140     movwf   ee_addr_data
MPASM 5.66                          MAIN.ASM   3-25-2016  20:07:09         PAGE  5


LOC  OBJECT CODE     LINE SOURCE TEXT
  VALUE

                      00141     
0052   ???? ????      00142     banksel ee_data
0054   305A           00143     movlw   'Z'
0055   00??           00144     movwf   ee_data
                      00145     
0056   ???? ???? 2??? 00146     lcall   EEWriteData
0059   ???? ????      00147     pagesel $
                      00148     
005B   ???? ????      00149     banksel     ee_addr_data
005D   3020           00150     movlw       0x20                ; передача начального адреса еепром
005E   00??           00151         movwf   ee_addr_data
005F   ???? ???? 2??? 00152         lcall   EEReadData
0062   ???? ????      00153         pagesel $
                      00154     
0064   ???? ????      00155         banksel uart_data_out       ; передача символа
0066   08??           00156     movf    ee_data, w
0067   00??           00157     movwf   uart_data_out
0068   ???? ???? 2??? 00158         lcall   UartPutChar
006B   ???? ????      00159         pagesel $
                      00160         
006D   2???           00161     goto    $
                      00162         
38E5 3EFF             00163         end
MPASM 5.66                          MAIN.ASM   3-25-2016  20:07:09         PAGE  6


SYMBOL TABLE
  LABEL                             VALUE 

ABDEN                             00000000
ABDOVF                            00000007
ACKDT                             00000005
ACKEN                             00000004
ACKSTAT                           00000006
ADCON0                            0000001F
ADCON1                            0000009F
ADCS0                             00000006
ADCS1                             00000007
ADDEN                             00000003
ADFM                              00000007
ADIE                              00000006
ADIF                              00000006
ADON                              00000000
ADRESH                            0000001E
ADRESL                            0000009E
ANS0                              00000000
ANS1                              00000001
ANS10                             00000002
ANS11                             00000003
ANS12                             00000004
ANS13                             00000005
ANS2                              00000002
ANS3                              00000003
ANS4                              00000004
ANS5                              00000005
ANS6                              00000006
ANS7                              00000007
ANS8                              00000000
ANS9                              00000001
ANSEL                             00000188
ANSELH                            00000189
BAUDCTL                           00000187
BCLIE                             00000003
BCLIF                             00000003
BF                                00000000
BRG0                              00000000
BRG1                              00000001
BRG10                             00000002
BRG11                             00000003
BRG12                             00000004
BRG13                             00000005
BRG14                             00000006
BRG15                             00000007
BRG16                             00000003
BRG2                              00000002
BRG3                              00000003
BRG4                              00000004
BRG5                              00000005
BRG6                              00000006
BRG7                              00000007
BRG8                              00000000
BRG9                              00000001
MPASM 5.66                          MAIN.ASM   3-25-2016  20:07:09         PAGE  7


SYMBOL TABLE
  LABEL                             VALUE 

BRGH                              00000002
C                                 00000000
C1CH0                             00000000
C1CH1                             00000001
C1IE                              00000005
C1IF                              00000005
C1OE                              00000005
C1ON                              00000007
C1OUT                             00000006
C1POL                             00000004
C1R                               00000002
C1RSEL                            00000005
C1SEN                             00000005
C2CH0                             00000000
C2CH1                             00000001
C2IE                              00000006
C2IF                              00000006
C2OE                              00000005
C2ON                              00000007
C2OUT                             00000006
C2POL                             00000004
C2R                               00000002
C2REN                             00000004
C2RSEL                            00000004
C2SYNC                            00000000
CCP1CON                           00000017
CCP1IE                            00000002
CCP1IF                            00000002
CCP1M0                            00000000
CCP1M1                            00000001
CCP1M2                            00000002
CCP1M3                            00000003
CCP1X                             00000005
CCP1Y                             00000004
CCP2CON                           0000001D
CCP2IE                            00000000
CCP2IF                            00000000
CCP2M0                            00000000
CCP2M1                            00000001
CCP2M2                            00000002
CCP2M3                            00000003
CCP2X                             00000005
CCP2Y                             00000004
CCPR1                             00000015
CCPR1H                            00000016
CCPR1L                            00000015
CCPR2                             0000001B
CCPR2H                            0000001C
CCPR2L                            0000001B
CHS0                              00000002
CHS1                              00000003
CHS2                              00000004
CHS3                              00000005
MPASM 5.66                          MAIN.ASM   3-25-2016  20:07:09         PAGE  8


SYMBOL TABLE
  LABEL                             VALUE 

CKE                               00000006
CKP                               00000004
CM1CON0                           00000107
CM2CON0                           00000108
CM2CON1                           00000109
CREN                              00000004
CSRC                              00000007
D                                 00000005
DATA_ADDRESS                      00000005
DC                                00000001
DC1B0                             00000004
DC1B1                             00000005
DC2B0                             00000004
DC2B1                             00000005
D_A                               00000005
D_NOT_A                           00000005
ECCPAS                            0000009C
ECCPAS0                           00000004
ECCPAS1                           00000005
ECCPAS2                           00000006
ECCPASE                           00000007
EEADR                             0000010D
EEADRH                            0000010F
EECON1                            0000018C
EECON2                            0000018D
EEDAT                             0000010C
EEDATA                            0000010C
EEDATH                            0000010E
EEIE                              00000004
EEIF                              00000004
EEPGD                             00000007
EERead                            00000034
EEReadData                        00000000
EEWrite                           0000004E
EEWriteData                       00000000
F                                 00000001
FERR                              00000002
FSR                               00000004
FVREN                             00000000
F_OSC                             003D0900
GCEN                              00000007
GIE                               00000007
GO                                00000001
GO_DONE                           00000001
GO_NOT_DONE                       00000001
HTS                               00000002
I2C_DATA                          00000005
I2C_READ                          00000002
I2C_START                         00000003
I2C_STOP                          00000004
INDF                              00000000
INTCON                            0000000B
INTE                              00000004
MPASM 5.66                          MAIN.ASM   3-25-2016  20:07:09         PAGE  9


SYMBOL TABLE
  LABEL                             VALUE 

INTEDG                            00000006
INTF                              00000001
IOCB                              00000096
IOCB0                             00000000
IOCB1                             00000001
IOCB2                             00000002
IOCB3                             00000003
IOCB4                             00000004
IOCB5                             00000005
IOCB6                             00000006
IOCB7                             00000007
IRCF0                             00000004
IRCF1                             00000005
IRCF2                             00000006
IRP                               00000007
ISR                               0000000D
Init                              00000028
LTS                               00000001
LedTurnOn                         00000000
MC1OUT                            00000007
MC2OUT                            00000006
MSK                               00000093
MSK0                              00000000
MSK1                              00000001
MSK2                              00000002
MSK3                              00000003
MSK4                              00000004
MSK5                              00000005
MSK6                              00000006
MSK7                              00000007
NOT_A                             00000005
NOT_ADDRESS                       00000005
NOT_BO                            00000000
NOT_BOR                           00000000
NOT_DONE                          00000001
NOT_PD                            00000003
NOT_POR                           00000001
NOT_RBPU                          00000007
NOT_RC8                           00000006
NOT_T1SYNC                        00000002
NOT_TO                            00000004
NOT_TX8                           00000006
NOT_W                             00000002
NOT_WRITE                         00000002
OERR                              00000001
OPTION_REG                        00000081
OSCCON                            0000008F
OSCTUNE                           00000090
OSFIE                             00000007
OSFIF                             00000007
OSTS                              00000003
P                                 00000004
P1M0                              00000006
MPASM 5.66                          MAIN.ASM   3-25-2016  20:07:09         PAGE 10


SYMBOL TABLE
  LABEL                             VALUE 

P1M1                              00000007
PCL                               00000002
PCLATH                            0000000A
PCON                              0000008E
PDC0                              00000000
PDC1                              00000001
PDC2                              00000002
PDC3                              00000003
PDC4                              00000004
PDC5                              00000005
PDC6                              00000006
PEIE                              00000006
PEN                               00000002
PIE1                              0000008C
PIE2                              0000008D
PIR1                              0000000C
PIR2                              0000000D
PORTA                             00000005
PORTB                             00000006
PORTC                             00000007
PORTD                             00000008
PORTE                             00000009
PR2                               00000092
PRSEN                             00000007
PS0                               00000000
PS1                               00000001
PS2                               00000002
PSA                               00000003
PSSAC0                            00000002
PSSAC1                            00000003
PSSBD0                            00000000
PSSBD1                            00000001
PSTRCON                           0000009D
PULSR                             00000002
PULSS                             00000003
PWM1CON                           0000009B
R                                 00000002
RA0                               00000000
RA1                               00000001
RA2                               00000002
RA3                               00000003
RA4                               00000004
RA5                               00000005
RA6                               00000006
RA7                               00000007
RB0                               00000000
RB1                               00000001
RB2                               00000002
RB3                               00000003
RB4                               00000004
RB5                               00000005
RB6                               00000006
RB7                               00000007
MPASM 5.66                          MAIN.ASM   3-25-2016  20:07:09         PAGE 11


SYMBOL TABLE
  LABEL                             VALUE 

RBIE                              00000003
RBIF                              00000000
RC0                               00000000
RC1                               00000001
RC2                               00000002
RC3                               00000003
RC4                               00000004
RC5                               00000005
RC6                               00000006
RC7                               00000007
RC8_9                             00000006
RC9                               00000006
RCD8                              00000000
RCEN                              00000003
RCIDL                             00000006
RCIE                              00000005
RCIF                              00000005
RCREG                             0000001A
RCSTA                             00000018
RD                                00000000
RD0                               00000000
RD1                               00000001
RD2                               00000002
RD3                               00000003
RD4                               00000004
RD5                               00000005
RD6                               00000006
RD7                               00000007
RE0                               00000000
RE1                               00000001
RE2                               00000002
RE3                               00000003
READ_WRITE                        00000002
RP0                               00000005
RP1                               00000006
RSEN                              00000001
RX9                               00000006
RX9D                              00000000
R_NOT_W                           00000002
R_W                               00000002
S                                 00000003
SBOREN                            00000004
SCKP                              00000004
SCS                               00000000
SEN                               00000000
SENDB                             00000003
SMP                               00000007
SPBRG                             00000099
SPBRGH                            0000009A
SPEN                              00000007
SR0                               00000006
SR1                               00000007
SRCON                             00000185
MPASM 5.66                          MAIN.ASM   3-25-2016  20:07:09         PAGE 12


SYMBOL TABLE
  LABEL                             VALUE 

SREN                              00000005
SSPADD                            00000093
SSPBUF                            00000013
SSPCON                            00000014
SSPCON2                           00000091
SSPEN                             00000005
SSPIE                             00000003
SSPIF                             00000003
SSPM0                             00000000
SSPM1                             00000001
SSPM2                             00000002
SSPM3                             00000003
SSPMSK                            00000093
SSPOV                             00000006
SSPSTAT                           00000094
STATUS                            00000003
STRA                              00000000
STRB                              00000001
STRC                              00000002
STRD                              00000003
STRSYNC                           00000004
SWDTEN                            00000000
SYNC                              00000004
Start                             00000030
T0CS                              00000005
T0IE                              00000005
T0IF                              00000002
T0SE                              00000004
T1CKPS0                           00000004
T1CKPS1                           00000005
T1CON                             00000010
T1GINV                            00000007
T1GIV                             00000007
T1GSS                             00000001
T1INSYNC                          00000002
T1OSCEN                           00000003
T1SYNC                            00000002
T2CKPS0                           00000000
T2CKPS1                           00000001
T2CON                             00000012
TMR0                              00000001
TMR0IE                            00000005
TMR0IF                            00000002
TMR1                              0000000E
TMR1CS                            00000001
TMR1GE                            00000006
TMR1H                             0000000F
TMR1IE                            00000000
TMR1IF                            00000000
TMR1L                             0000000E
TMR1ON                            00000000
TMR2                              00000011
TMR2IE                            00000001
MPASM 5.66                          MAIN.ASM   3-25-2016  20:07:09         PAGE 13


SYMBOL TABLE
  LABEL                             VALUE 

TMR2IF                            00000001
TMR2ON                            00000002
TOUTPS0                           00000003
TOUTPS1                           00000004
TOUTPS2                           00000005
TOUTPS3                           00000006
TRISA                             00000085
TRISA0                            00000000
TRISA1                            00000001
TRISA2                            00000002
TRISA3                            00000003
TRISA4                            00000004
TRISA5                            00000005
TRISA6                            00000006
TRISA7                            00000007
TRISB                             00000086
TRISB0                            00000000
TRISB1                            00000001
TRISB2                            00000002
TRISB3                            00000003
TRISB4                            00000004
TRISB5                            00000005
TRISB6                            00000006
TRISB7                            00000007
TRISC                             00000087
TRISC0                            00000000
TRISC1                            00000001
TRISC2                            00000002
TRISC3                            00000003
TRISC4                            00000004
TRISC5                            00000005
TRISC6                            00000006
TRISC7                            00000007
TRISD                             00000088
TRISD0                            00000000
TRISD1                            00000001
TRISD2                            00000002
TRISD3                            00000003
TRISD4                            00000004
TRISD5                            00000005
TRISD6                            00000006
TRISD7                            00000007
TRISE                             00000089
TRISE0                            00000000
TRISE1                            00000001
TRISE2                            00000002
TRISE3                            00000003
TRMT                              00000001
TUN0                              00000000
TUN1                              00000001
TUN2                              00000002
TUN3                              00000003
TUN4                              00000004
MPASM 5.66                          MAIN.ASM   3-25-2016  20:07:09         PAGE 14


SYMBOL TABLE
  LABEL                             VALUE 

TX8_9                             00000006
TX9                               00000006
TX9D                              00000000
TXD8                              00000000
TXEN                              00000005
TXIE                              00000004
TXIF                              00000004
TXREG                             00000019
TXSTA                             00000098
UA                                00000001
ULPWUE                            00000005
ULPWUIE                           00000002
ULPWUIF                           00000002
UartGetChar                       00000000
UartInit                          00000000
UartPutChar                       00000000
UartReturnData                    00000000
VCFG0                             00000004
VCFG1                             00000005
VR0                               00000000
VR1                               00000001
VR2                               00000002
VR3                               00000003
VRCON                             00000097
VREN                              00000007
VROE                              00000006
VRR                               00000005
VRSS                              00000004
W                                 00000000
WCOL                              00000007
WDTCON                            00000105
WDTPS0                            00000001
WDTPS1                            00000002
WDTPS2                            00000003
WDTPS3                            00000004
WPUB                              00000095
WPUB0                             00000000
WPUB1                             00000001
WPUB2                             00000002
WPUB3                             00000003
WPUB4                             00000004
WPUB5                             00000005
WPUB6                             00000006
WPUB7                             00000007
WR                                00000001
WREN                              00000002
WRERR                             00000003
WUE                               00000001
Z                                 00000002
_BOR21V                           00003EFF
_BOR40V                           00003FFF
_BOR4V_BOR21V                     00003EFF
_BOR4V_BOR40V                     00003FFF
MPASM 5.66                          MAIN.ASM   3-25-2016  20:07:09         PAGE 15


SYMBOL TABLE
  LABEL                             VALUE 

_BOREN_NSLEEP                     00003EFF
_BOREN_OFF                        00003CFF
_BOREN_ON                         00003FFF
_BOREN_SBODEN                     00003DFF
_BOR_NSLEEP                       00003EFF
_BOR_OFF                          00003CFF
_BOR_ON                           00003FFF
_BOR_SBODEN                       00003DFF
_CONFIG1                          00002007
_CONFIG2                          00002008
_CPD_OFF                          00003FFF
_CPD_ON                           00003F7F
_CP_OFF                           00003FFF
_CP_ON                            00003FBF
_DEBUG_OFF                        00003FFF
_DEBUG_ON                         00001FFF
_DEVID1                           00002006
_EC_OSC                           00003FFB
_EXTRC                            00003FFF
_EXTRCIO                          00003FFE
_EXTRC_OSC_CLKOUT                 00003FFF
_EXTRC_OSC_NOCLKOUT               00003FFE
_FCMEN_OFF                        000037FF
_FCMEN_ON                         00003FFF
_FOSC_EC                          00003FFB
_FOSC_EXTRC_CLKOUT                00003FFF
_FOSC_EXTRC_NOCLKOUT              00003FFE
_FOSC_HS                          00003FFA
_FOSC_INTRC_CLKOUT                00003FFD
_FOSC_INTRC_NOCLKOUT              00003FFC
_FOSC_LP                          00003FF8
_FOSC_XT                          00003FF9
_HS_OSC                           00003FFA
_IDLOC0                           00002000
_IDLOC1                           00002001
_IDLOC2                           00002002
_IDLOC3                           00002003
_IESO_OFF                         00003BFF
_IESO_ON                          00003FFF
_INTOSC                           00003FFD
_INTOSCIO                         00003FFC
_INTRC_OSC_CLKOUT                 00003FFD
_INTRC_OSC_NOCLKOUT               00003FFC
_Int__0016                        00000016
_Int__001B                        0000001B
_Int__002B                        0000002B
_Int__0037                        00000037
_Int__0048                        00000048
_Int__0059                        00000059
_Int__0062                        00000062
_Int__006B                        0000006B
_Int__006D                        0000006D
_LP_OSC                           00003FF8
MPASM 5.66                          MAIN.ASM   3-25-2016  20:07:09         PAGE 16


SYMBOL TABLE
  LABEL                             VALUE 

_LVP_OFF                          00002FFF
_LVP_ON                           00003FFF
_MCLRE_OFF                        00003FDF
_MCLRE_ON                         00003FFF
_PWRTE_OFF                        00003FFF
_PWRTE_ON                         00003FEF
_WDTE_OFF                         00003FF7
_WDTE_ON                          00003FFF
_WDT_OFF                          00003FF7
_WDT_ON                           00003FFF
_WRT_1FOURTH                      00003BFF
_WRT_256                          00003DFF
_WRT_HALF                         000039FF
_WRT_OFF                          00003FFF
_XT_OSC                           00003FF9
__16F887                          00000001
_fsr                              00000002
_pclath                           00000001
_status                           00000000
_work                             00000000
e2prom                            
ee_addr_data                      00000000
ee_addrh_data                     00000000
ee_data                           00000000
ee_datah                          00000000
eeprom_error                      00000000
led_temp                          00000000
ledarray8                         
uart_data_in                      00000000
uart_data_out                     00000000
uart_error                        00000000
uart_hardware                     

Errors   :     0
Warnings :     0 reported,     0 suppressed
Messages :     1 reported,     0 suppressed

